Oracle SQL Developer Data Modeler 24.3.0.275.2224
Oracle SQL Developer Data Modeler 임포트 로그
날짜 및 시간: 2024-11-06 15:34:13 KST
디자인 이름: 제목 없음_1
RDBMS : Oracle Database 21c

		모든 명령문: 		11
		임포트한 명령문: 	0
		실패한 명령문: 		0
		인식되지 않은 명령문: 	11

<<<<< 인식되지 않음 >>>>>
SELECT sysdate from dual

select to_char(sysdate,'yyy/mm/dd hh24:mi:ss') from dual

select FLOOR(sysdate - TO_DATE('2024/11/05', 'yyyy/mm/dd')) from dual

select trim(to_char(1234567.23, 'L999,999,999,999.99')) as money from dual

select first_name, trim(to_char(salary, 'L999,999,999,999.99')) as salary from employees

select to_number('10,000', '999,999')+to_number('20,000', '999,999') from dual

select first_name, salary, commission_pct, job_id from employees order by job_id

select first_name, salary, NVL(commission_pct,0), job_id from employees order by job_id

select first_name, salary*NVL(commission_pct,0) as commission, salary+salary*NVL(commission_pct,0) as total, job_id from employees order by job_id

select first_name, salary, commission_pct, salary+salary*NVL(commission_pct,0) as total from employees order by job_id

select first_name, salary, commission_pct, NVL2(commission_pct,salary+salary*commission_pct,salary) as total from employees

